2024-06-23 13:22:58,531 [Worker-8: Loading available Gradle versions] INFO  o.e.b.c.i.u.g.PublishedGradleVersions - Gradle version information cache is up-to-date. Trying to read.
2024-06-23 13:30:57,773 [Worker-8: Loading available Gradle versions] INFO  o.e.b.c.i.u.g.PublishedGradleVersions - Gradle version information cache is up-to-date. Trying to read.
2024-06-26 23:45:20,803 [Worker-6: Loading available Gradle versions] INFO  o.e.b.c.i.u.g.PublishedGradleVersions - Gradle version information cache is out-of-date. Trying to update.
2024-07-07 21:09:11,495 [Worker-5: Loading available Gradle versions] INFO  o.e.b.c.i.u.g.PublishedGradleVersions - Gradle version information cache is up-to-date. Trying to read.
2024-07-07 21:11:01,992 [Worker-5: Loading available Gradle versions] INFO  o.e.b.c.i.u.g.PublishedGradleVersions - Gradle version information cache is up-to-date. Trying to read.
2024-07-08 22:24:30,105 [Worker-5: Loading available Gradle versions] INFO  o.e.b.c.i.u.g.PublishedGradleVersions - Gradle version information cache is out-of-date. Trying to update.
2024-07-08 22:24:40,351 [Worker-5: Deferred Early Start] INFO  o.a.h.c.h.i.c.HttpRequestRetryExec - Recoverable I/O exception (java.net.SocketException) caught when processing request to {s}->https://www.eclipse.org:443
2024-07-11 00:33:44,077 [Worker-3: Loading available Gradle versions] INFO  o.e.b.c.i.u.g.PublishedGradleVersions - Gradle version information cache is up-to-date. Trying to read.
2024-07-13 00:31:15,816 [Worker-9: Loading available Gradle versions] INFO  o.e.b.c.i.u.g.PublishedGradleVersions - Gradle version information cache is out-of-date. Trying to update.
2024-07-13 01:32:19,396 [Worker-3: Loading available Gradle versions] INFO  o.e.b.c.i.u.g.PublishedGradleVersions - Gradle version information cache is up-to-date. Trying to read.
2025-02-02 11:54:12,786 [Worker-7: Loading available Gradle versions] INFO  o.e.b.c.i.u.g.PublishedGradleVersions - Gradle version information cache is not available. Remote download required.
2025-02-02 15:31:49,902 [Worker-4: Loading available Gradle versions] INFO  o.e.b.c.i.u.g.PublishedGradleVersions - Gradle version information cache is up-to-date. Trying to read.
2025-02-03 09:45:51,095 [Worker-6: Loading available Gradle versions] INFO  o.e.b.c.i.u.g.PublishedGradleVersions - Gradle version information cache is up-to-date. Trying to read.
2025-02-22 00:00:47,428 [Worker-7: Loading available Gradle versions] INFO  o.e.b.c.i.u.g.PublishedGradleVersions - Gradle version information cache is out-of-date. Trying to update.
2025-02-23 10:13:45,595 [Worker-4: Loading available Gradle versions] INFO  o.e.b.c.i.u.g.PublishedGradleVersions - Gradle version information cache is out-of-date. Trying to update.
2025-02-23 20:27:49,719 [Worker-5: Loading available Gradle versions] INFO  o.e.b.c.i.u.g.PublishedGradleVersions - Gradle version information cache is up-to-date. Trying to read.
2025-02-24 09:26:34,992 [Worker-5: Loading available Gradle versions] INFO  o.e.b.c.i.u.g.PublishedGradleVersions - Gradle version information cache is up-to-date. Trying to read.
2025-02-24 12:59:32,223 [Worker-5: Loading available Gradle versions] INFO  o.e.b.c.i.u.g.PublishedGradleVersions - Gradle version information cache is out-of-date. Trying to update.
2025-02-24 17:20:04,676 [Worker-57: Launching mavenrun-76ad046d-2bd6-485d-9fd7-7f5d4ec5269b] INFO  o.eclipse.m2e.core.internal.Bundles - getClasspathEntries(Bundle=org.eclipse.m2e.maven.runtime_3.9.900.20240824-1409 [1751])
2025-02-24 17:20:04,680 [Worker-57: Launching mavenrun-76ad046d-2bd6-485d-9fd7-7f5d4ec5269b] INFO  o.eclipse.m2e.core.internal.Bundles - 	Entry: C:\Users\skdhi\.p2\pool\plugins\org.eclipse.m2e.maven.runtime_3.9.900.20240824-1409
2025-02-24 17:20:04,681 [Worker-57: Launching mavenrun-76ad046d-2bd6-485d-9fd7-7f5d4ec5269b] INFO  o.eclipse.m2e.core.internal.Bundles - 	Entry: C:\Users\skdhi\.p2\pool\plugins\org.eclipse.m2e.maven.runtime_3.9.900.20240824-1409\jars\aopalliance-1.0.jar
2025-02-24 17:20:04,681 [Worker-57: Launching mavenrun-76ad046d-2bd6-485d-9fd7-7f5d4ec5269b] INFO  o.eclipse.m2e.core.internal.Bundles - 	Entry: C:\Users\skdhi\.p2\pool\plugins\org.eclipse.m2e.maven.runtime_3.9.900.20240824-1409\jars\guice-5.1.0.jar
2025-02-24 17:20:04,681 [Worker-57: Launching mavenrun-76ad046d-2bd6-485d-9fd7-7f5d4ec5269b] INFO  o.eclipse.m2e.core.internal.Bundles - 	Entry: C:\Users\skdhi\.p2\pool\plugins\org.eclipse.m2e.maven.runtime_3.9.900.20240824-1409\jars\httpclient-4.5.14.jar
2025-02-24 17:20:04,681 [Worker-57: Launching mavenrun-76ad046d-2bd6-485d-9fd7-7f5d4ec5269b] INFO  o.eclipse.m2e.core.internal.Bundles - 	Entry: C:\Users\skdhi\.p2\pool\plugins\org.eclipse.m2e.maven.runtime_3.9.900.20240824-1409\jars\httpcore-4.4.16.jar
2025-02-24 17:20:04,681 [Worker-57: Launching mavenrun-76ad046d-2bd6-485d-9fd7-7f5d4ec5269b] INFO  o.eclipse.m2e.core.internal.Bundles - 	Entry: C:\Users\skdhi\.p2\pool\plugins\org.eclipse.m2e.maven.runtime_3.9.900.20240824-1409\jars\jansi-2.4.1.jar
2025-02-24 17:20:04,681 [Worker-57: Launching mavenrun-76ad046d-2bd6-485d-9fd7-7f5d4ec5269b] INFO  o.eclipse.m2e.core.internal.Bundles - 	Entry: C:\Users\skdhi\.p2\pool\plugins\org.eclipse.m2e.maven.runtime_3.9.900.20240824-1409\jars\jcl-over-slf4j-1.7.36.jar
2025-02-24 17:20:04,682 [Worker-57: Launching mavenrun-76ad046d-2bd6-485d-9fd7-7f5d4ec5269b] INFO  o.eclipse.m2e.core.internal.Bundles - 	Entry: C:\Users\skdhi\.p2\pool\plugins\org.eclipse.m2e.maven.runtime_3.9.900.20240824-1409\jars\maven-artifact-3.9.9.jar
2025-02-24 17:20:04,682 [Worker-57: Launching mavenrun-76ad046d-2bd6-485d-9fd7-7f5d4ec5269b] INFO  o.eclipse.m2e.core.internal.Bundles - 	Entry: C:\Users\skdhi\.p2\pool\plugins\org.eclipse.m2e.maven.runtime_3.9.900.20240824-1409\jars\maven-builder-support-3.9.9.jar
2025-02-24 17:20:04,682 [Worker-57: Launching mavenrun-76ad046d-2bd6-485d-9fd7-7f5d4ec5269b] INFO  o.eclipse.m2e.core.internal.Bundles - 	Entry: C:\Users\skdhi\.p2\pool\plugins\org.eclipse.m2e.maven.runtime_3.9.900.20240824-1409\jars\maven-compat-3.9.9.jar
2025-02-24 17:20:04,682 [Worker-57: Launching mavenrun-76ad046d-2bd6-485d-9fd7-7f5d4ec5269b] INFO  o.eclipse.m2e.core.internal.Bundles - 	Entry: C:\Users\skdhi\.p2\pool\plugins\org.eclipse.m2e.maven.runtime_3.9.900.20240824-1409\jars\maven-core-3.9.9.jar
2025-02-24 17:20:04,682 [Worker-57: Launching mavenrun-76ad046d-2bd6-485d-9fd7-7f5d4ec5269b] INFO  o.eclipse.m2e.core.internal.Bundles - 	Entry: C:\Users\skdhi\.p2\pool\plugins\org.eclipse.m2e.maven.runtime_3.9.900.20240824-1409\jars\maven-embedder-3.9.9.jar
2025-02-24 17:20:04,683 [Worker-57: Launching mavenrun-76ad046d-2bd6-485d-9fd7-7f5d4ec5269b] INFO  o.eclipse.m2e.core.internal.Bundles - 	Entry: C:\Users\skdhi\.p2\pool\plugins\org.eclipse.m2e.maven.runtime_3.9.900.20240824-1409\jars\maven-model-3.9.9.jar
2025-02-24 17:20:04,683 [Worker-57: Launching mavenrun-76ad046d-2bd6-485d-9fd7-7f5d4ec5269b] INFO  o.eclipse.m2e.core.internal.Bundles - 	Entry: C:\Users\skdhi\.p2\pool\plugins\org.eclipse.m2e.maven.runtime_3.9.900.20240824-1409\jars\maven-model-builder-3.9.9.jar
2025-02-24 17:20:04,683 [Worker-57: Launching mavenrun-76ad046d-2bd6-485d-9fd7-7f5d4ec5269b] INFO  o.eclipse.m2e.core.internal.Bundles - 	Entry: C:\Users\skdhi\.p2\pool\plugins\org.eclipse.m2e.maven.runtime_3.9.900.20240824-1409\jars\maven-plugin-api-3.9.9.jar
2025-02-24 17:20:04,683 [Worker-57: Launching mavenrun-76ad046d-2bd6-485d-9fd7-7f5d4ec5269b] INFO  o.eclipse.m2e.core.internal.Bundles - 	Entry: C:\Users\skdhi\.p2\pool\plugins\org.eclipse.m2e.maven.runtime_3.9.900.20240824-1409\jars\maven-repository-metadata-3.9.9.jar
2025-02-24 17:20:04,683 [Worker-57: Launching mavenrun-76ad046d-2bd6-485d-9fd7-7f5d4ec5269b] INFO  o.eclipse.m2e.core.internal.Bundles - 	Entry: C:\Users\skdhi\.p2\pool\plugins\org.eclipse.m2e.maven.runtime_3.9.900.20240824-1409\jars\maven-resolver-api-1.9.22.jar
2025-02-24 17:20:04,684 [Worker-57: Launching mavenrun-76ad046d-2bd6-485d-9fd7-7f5d4ec5269b] INFO  o.eclipse.m2e.core.internal.Bundles - 	Entry: C:\Users\skdhi\.p2\pool\plugins\org.eclipse.m2e.maven.runtime_3.9.900.20240824-1409\jars\maven-resolver-connector-basic-1.9.22.jar
2025-02-24 17:20:04,684 [Worker-57: Launching mavenrun-76ad046d-2bd6-485d-9fd7-7f5d4ec5269b] INFO  o.eclipse.m2e.core.internal.Bundles - 	Entry: C:\Users\skdhi\.p2\pool\plugins\org.eclipse.m2e.maven.runtime_3.9.900.20240824-1409\jars\maven-resolver-impl-1.9.22.jar
2025-02-24 17:20:04,684 [Worker-57: Launching mavenrun-76ad046d-2bd6-485d-9fd7-7f5d4ec5269b] INFO  o.eclipse.m2e.core.internal.Bundles - 	Entry: C:\Users\skdhi\.p2\pool\plugins\org.eclipse.m2e.maven.runtime_3.9.900.20240824-1409\jars\maven-resolver-named-locks-1.9.22.jar
2025-02-24 17:20:04,684 [Worker-57: Launching mavenrun-76ad046d-2bd6-485d-9fd7-7f5d4ec5269b] INFO  o.eclipse.m2e.core.internal.Bundles - 	Entry: C:\Users\skdhi\.p2\pool\plugins\org.eclipse.m2e.maven.runtime_3.9.900.20240824-1409\jars\maven-resolver-provider-3.9.9.jar
2025-02-24 17:20:04,684 [Worker-57: Launching mavenrun-76ad046d-2bd6-485d-9fd7-7f5d4ec5269b] INFO  o.eclipse.m2e.core.internal.Bundles - 	Entry: C:\Users\skdhi\.p2\pool\plugins\org.eclipse.m2e.maven.runtime_3.9.900.20240824-1409\jars\maven-resolver-spi-1.9.22.jar
2025-02-24 17:20:04,684 [Worker-57: Launching mavenrun-76ad046d-2bd6-485d-9fd7-7f5d4ec5269b] INFO  o.eclipse.m2e.core.internal.Bundles - 	Entry: C:\Users\skdhi\.p2\pool\plugins\org.eclipse.m2e.maven.runtime_3.9.900.20240824-1409\jars\maven-resolver-transport-file-1.9.22.jar
2025-02-24 17:20:04,685 [Worker-57: Launching mavenrun-76ad046d-2bd6-485d-9fd7-7f5d4ec5269b] INFO  o.eclipse.m2e.core.internal.Bundles - 	Entry: C:\Users\skdhi\.p2\pool\plugins\org.eclipse.m2e.maven.runtime_3.9.900.20240824-1409\jars\maven-resolver-transport-http-1.9.22.jar
2025-02-24 17:20:04,685 [Worker-57: Launching mavenrun-76ad046d-2bd6-485d-9fd7-7f5d4ec5269b] INFO  o.eclipse.m2e.core.internal.Bundles - 	Entry: C:\Users\skdhi\.p2\pool\plugins\org.eclipse.m2e.maven.runtime_3.9.900.20240824-1409\jars\maven-resolver-transport-wagon-1.9.22.jar
2025-02-24 17:20:04,685 [Worker-57: Launching mavenrun-76ad046d-2bd6-485d-9fd7-7f5d4ec5269b] INFO  o.eclipse.m2e.core.internal.Bundles - 	Entry: C:\Users\skdhi\.p2\pool\plugins\org.eclipse.m2e.maven.runtime_3.9.900.20240824-1409\jars\maven-resolver-util-1.9.22.jar
2025-02-24 17:20:04,685 [Worker-57: Launching mavenrun-76ad046d-2bd6-485d-9fd7-7f5d4ec5269b] INFO  o.eclipse.m2e.core.internal.Bundles - 	Entry: C:\Users\skdhi\.p2\pool\plugins\org.eclipse.m2e.maven.runtime_3.9.900.20240824-1409\jars\maven-settings-3.9.9.jar
2025-02-24 17:20:04,685 [Worker-57: Launching mavenrun-76ad046d-2bd6-485d-9fd7-7f5d4ec5269b] INFO  o.eclipse.m2e.core.internal.Bundles - 	Entry: C:\Users\skdhi\.p2\pool\plugins\org.eclipse.m2e.maven.runtime_3.9.900.20240824-1409\jars\maven-settings-builder-3.9.9.jar
2025-02-24 17:20:04,685 [Worker-57: Launching mavenrun-76ad046d-2bd6-485d-9fd7-7f5d4ec5269b] INFO  o.eclipse.m2e.core.internal.Bundles - 	Entry: C:\Users\skdhi\.p2\pool\plugins\org.eclipse.m2e.maven.runtime_3.9.900.20240824-1409\jars\maven-shared-utils-3.4.2.jar
2025-02-24 17:20:04,685 [Worker-57: Launching mavenrun-76ad046d-2bd6-485d-9fd7-7f5d4ec5269b] INFO  o.eclipse.m2e.core.internal.Bundles - 	Entry: C:\Users\skdhi\.p2\pool\plugins\org.eclipse.m2e.maven.runtime_3.9.900.20240824-1409\jars\org.eclipse.sisu.inject-0.9.0.M3.jar
2025-02-24 17:20:04,685 [Worker-57: Launching mavenrun-76ad046d-2bd6-485d-9fd7-7f5d4ec5269b] INFO  o.eclipse.m2e.core.internal.Bundles - 	Entry: C:\Users\skdhi\.p2\pool\plugins\org.eclipse.m2e.maven.runtime_3.9.900.20240824-1409\jars\org.eclipse.sisu.plexus-0.9.0.M3.jar
2025-02-24 17:20:04,685 [Worker-57: Launching mavenrun-76ad046d-2bd6-485d-9fd7-7f5d4ec5269b] INFO  o.eclipse.m2e.core.internal.Bundles - 	Entry: C:\Users\skdhi\.p2\pool\plugins\org.eclipse.m2e.maven.runtime_3.9.900.20240824-1409\jars\plexus-build-api-0.0.7.jar
2025-02-24 17:20:04,686 [Worker-57: Launching mavenrun-76ad046d-2bd6-485d-9fd7-7f5d4ec5269b] INFO  o.eclipse.m2e.core.internal.Bundles - 	Entry: C:\Users\skdhi\.p2\pool\plugins\org.eclipse.m2e.maven.runtime_3.9.900.20240824-1409\jars\plexus-build-api-1.2.0.jar
2025-02-24 17:20:04,686 [Worker-57: Launching mavenrun-76ad046d-2bd6-485d-9fd7-7f5d4ec5269b] INFO  o.eclipse.m2e.core.internal.Bundles - 	Entry: C:\Users\skdhi\.p2\pool\plugins\org.eclipse.m2e.maven.runtime_3.9.900.20240824-1409\jars\plexus-cipher-2.0.jar
2025-02-24 17:20:04,686 [Worker-57: Launching mavenrun-76ad046d-2bd6-485d-9fd7-7f5d4ec5269b] INFO  o.eclipse.m2e.core.internal.Bundles - 	Entry: C:\Users\skdhi\.p2\pool\plugins\org.eclipse.m2e.maven.runtime_3.9.900.20240824-1409\jars\plexus-classworlds-2.8.0.jar
2025-02-24 17:20:04,686 [Worker-57: Launching mavenrun-76ad046d-2bd6-485d-9fd7-7f5d4ec5269b] INFO  o.eclipse.m2e.core.internal.Bundles - 	Entry: C:\Users\skdhi\.p2\pool\plugins\org.eclipse.m2e.maven.runtime_3.9.900.20240824-1409\jars\plexus-component-annotations-2.1.0.jar
2025-02-24 17:20:04,686 [Worker-57: Launching mavenrun-76ad046d-2bd6-485d-9fd7-7f5d4ec5269b] INFO  o.eclipse.m2e.core.internal.Bundles - 	Entry: C:\Users\skdhi\.p2\pool\plugins\org.eclipse.m2e.maven.runtime_3.9.900.20240824-1409\jars\plexus-interpolation-1.27.jar
2025-02-24 17:20:04,686 [Worker-57: Launching mavenrun-76ad046d-2bd6-485d-9fd7-7f5d4ec5269b] INFO  o.eclipse.m2e.core.internal.Bundles - 	Entry: C:\Users\skdhi\.p2\pool\plugins\org.eclipse.m2e.maven.runtime_3.9.900.20240824-1409\jars\plexus-sec-dispatcher-2.0.jar
2025-02-24 17:20:04,686 [Worker-57: Launching mavenrun-76ad046d-2bd6-485d-9fd7-7f5d4ec5269b] INFO  o.eclipse.m2e.core.internal.Bundles - 	Entry: C:\Users\skdhi\.p2\pool\plugins\org.eclipse.m2e.maven.runtime_3.9.900.20240824-1409\jars\plexus-utils-3.5.1.jar
2025-02-24 17:20:04,687 [Worker-57: Launching mavenrun-76ad046d-2bd6-485d-9fd7-7f5d4ec5269b] INFO  o.eclipse.m2e.core.internal.Bundles - 	Entry: C:\Users\skdhi\.p2\pool\plugins\org.eclipse.m2e.maven.runtime_3.9.900.20240824-1409\jars\plexus-xml-3.0.1.jar
2025-02-24 17:20:04,687 [Worker-57: Launching mavenrun-76ad046d-2bd6-485d-9fd7-7f5d4ec5269b] INFO  o.eclipse.m2e.core.internal.Bundles - 	Entry: C:\Users\skdhi\.p2\pool\plugins\org.eclipse.m2e.maven.runtime_3.9.900.20240824-1409\jars\wagon-file-3.5.3.jar
2025-02-24 17:20:04,687 [Worker-57: Launching mavenrun-76ad046d-2bd6-485d-9fd7-7f5d4ec5269b] INFO  o.eclipse.m2e.core.internal.Bundles - 	Entry: C:\Users\skdhi\.p2\pool\plugins\org.eclipse.m2e.maven.runtime_3.9.900.20240824-1409\jars\wagon-http-3.5.3.jar
2025-02-24 17:20:04,687 [Worker-57: Launching mavenrun-76ad046d-2bd6-485d-9fd7-7f5d4ec5269b] INFO  o.eclipse.m2e.core.internal.Bundles - 	Entry: C:\Users\skdhi\.p2\pool\plugins\org.eclipse.m2e.maven.runtime_3.9.900.20240824-1409\jars\wagon-http-shared-3.5.3.jar
2025-02-24 17:20:04,687 [Worker-57: Launching mavenrun-76ad046d-2bd6-485d-9fd7-7f5d4ec5269b] INFO  o.eclipse.m2e.core.internal.Bundles - 	Entry: C:\Users\skdhi\.p2\pool\plugins\org.eclipse.m2e.maven.runtime_3.9.900.20240824-1409\jars\wagon-provider-api-3.5.3.jar
2025-02-24 17:20:04,690 [Worker-57: Launching mavenrun-76ad046d-2bd6-485d-9fd7-7f5d4ec5269b] INFO  o.eclipse.m2e.core.internal.Bundles - getClasspathEntries(Bundle=com.google.guava_33.3.1.jre [1506])
2025-02-24 17:20:04,690 [Worker-57: Launching mavenrun-76ad046d-2bd6-485d-9fd7-7f5d4ec5269b] INFO  o.eclipse.m2e.core.internal.Bundles - 	Entry: C:\Users\skdhi\.p2\pool\plugins\com.google.guava_33.3.1.jre.jar
2025-02-24 17:20:04,690 [Worker-57: Launching mavenrun-76ad046d-2bd6-485d-9fd7-7f5d4ec5269b] INFO  o.eclipse.m2e.core.internal.Bundles - getClasspathEntries(Bundle=slf4j.api_2.0.16 [1984])
2025-02-24 17:20:04,691 [Worker-57: Launching mavenrun-76ad046d-2bd6-485d-9fd7-7f5d4ec5269b] INFO  o.eclipse.m2e.core.internal.Bundles - 	Entry: C:\Users\skdhi\.p2\pool\plugins\slf4j.api_2.0.16.jar
2025-02-24 17:20:04,691 [Worker-57: Launching mavenrun-76ad046d-2bd6-485d-9fd7-7f5d4ec5269b] INFO  o.eclipse.m2e.core.internal.Bundles - getClasspathEntries(Bundle=javax.inject_1.0.0.v20220405-0441 [1067])
2025-02-24 17:20:04,691 [Worker-57: Launching mavenrun-76ad046d-2bd6-485d-9fd7-7f5d4ec5269b] INFO  o.eclipse.m2e.core.internal.Bundles - 	Entry: C:\Users\skdhi\.p2\pool\plugins\javax.inject_1.0.0.v20220405-0441.jar
2025-02-24 17:20:04,691 [Worker-57: Launching mavenrun-76ad046d-2bd6-485d-9fd7-7f5d4ec5269b] INFO  o.eclipse.m2e.core.internal.Bundles - getClasspathEntries(Bundle=javax.annotation_1.3.5.v20230504-0748 [1066])
2025-02-24 17:20:04,692 [Worker-57: Launching mavenrun-76ad046d-2bd6-485d-9fd7-7f5d4ec5269b] INFO  o.eclipse.m2e.core.internal.Bundles - 	Entry: C:\Users\skdhi\.p2\pool\plugins\javax.annotation_1.3.5.v20230504-0748.jar
2025-02-24 17:20:04,692 [Worker-57: Launching mavenrun-76ad046d-2bd6-485d-9fd7-7f5d4ec5269b] INFO  o.eclipse.m2e.core.internal.Bundles - getClasspathEntries(Bundle=org.apache.commons.cli_1.9.0 [1536])
2025-02-24 17:20:04,692 [Worker-57: Launching mavenrun-76ad046d-2bd6-485d-9fd7-7f5d4ec5269b] INFO  o.eclipse.m2e.core.internal.Bundles - 	Entry: C:\Users\skdhi\.p2\pool\plugins\org.apache.commons.cli_1.9.0.jar
2025-02-24 17:20:04,692 [Worker-57: Launching mavenrun-76ad046d-2bd6-485d-9fd7-7f5d4ec5269b] INFO  o.eclipse.m2e.core.internal.Bundles - getClasspathEntries(Bundle=org.apache.commons.commons-codec_1.16.0 [78])
2025-02-24 17:20:04,692 [Worker-57: Launching mavenrun-76ad046d-2bd6-485d-9fd7-7f5d4ec5269b] INFO  o.eclipse.m2e.core.internal.Bundles - 	Entry: C:\Users\skdhi\.p2\pool\plugins\org.apache.commons.commons-codec_1.16.0.jar
2025-02-24 17:20:04,692 [Worker-57: Launching mavenrun-76ad046d-2bd6-485d-9fd7-7f5d4ec5269b] INFO  o.eclipse.m2e.core.internal.Bundles - getClasspathEntries(Bundle=com.google.guava.failureaccess_1.0.2 [15])
2025-02-24 17:20:04,693 [Worker-57: Launching mavenrun-76ad046d-2bd6-485d-9fd7-7f5d4ec5269b] INFO  o.eclipse.m2e.core.internal.Bundles - 	Entry: C:\Users\skdhi\.p2\pool\plugins\com.google.guava.failureaccess_1.0.2.jar
2025-02-24 17:20:04,697 [Worker-57: Launching mavenrun-76ad046d-2bd6-485d-9fd7-7f5d4ec5269b] INFO  o.e.m.i.launch.MavenLaunchDelegate - Run build in "C:\Users\skdhi\AppData\Local\Temp\m2e-archetypeGenerator3798765018719812181":
2025-02-24 17:20:04,703 [Worker-57: Launching mavenrun-76ad046d-2bd6-485d-9fd7-7f5d4ec5269b] INFO  o.e.m.i.launch.MavenLaunchDelegate -  mvn  -DjavaCompilerVersion=17 -DjunitVersion=5.11.0 -DarchetypeGroupId=org.apache.maven.archetypes -DarchetypeArtifactId=maven-archetype-quickstart -DarchetypeVersion=1.5 -DgroupId=sk -DartifactId=IOCProj02-DependencyInjection -Dversion=0.0.1-SNAPSHOT -Dpackage=com.sk.client -DoutputDirectory=C:\Users\skdhi\Spring-Microservices -Dstyle.color=always -U archetype:generate
2025-02-24 17:20:18,144 [Worker-45: Creating maven-archetype-quickstart] INFO  o.e.m.c.i.p.ProjectConfigurationManager - Collecting project info '/pom.xml' C:\Users\skdhi\Spring-Microservices\IOCProj02-DependencyInjection\pom.xml
2025-02-24 17:20:19,111 [Worker-45: Creating maven-archetype-quickstart] INFO  o.e.m.c.i.l.LifecycleMappingFactory - Using org.eclipse.m2e.jdt.JarLifecycleMapping lifecycle mapping for MavenProject: sk:IOCProj02-DependencyInjection:0.0.1-SNAPSHOT @ C:\Users\skdhi\Spring-Microservices\IOCProj02-DependencyInjection\pom.xml.
2025-02-24 17:20:20,178 [Worker-45: Creating maven-archetype-quickstart] INFO  o.e.m.j.i.AbstractJavaProjectConfigurator - Adding source folder /IOCProj02-DependencyInjection/src/main/java
2025-02-24 17:20:20,181 [Worker-45: Creating maven-archetype-quickstart] INFO  o.e.m.j.i.AbstractJavaProjectConfigurator - Adding resource folder /IOCProj02-DependencyInjection/src/main/resources
2025-02-24 17:20:20,190 [Worker-45: Creating maven-archetype-quickstart] INFO  o.e.m.j.i.AbstractJavaProjectConfigurator - Adding source folder /IOCProj02-DependencyInjection/src/test/java
2025-02-24 17:20:20,192 [Worker-45: Creating maven-archetype-quickstart] INFO  o.e.m.j.i.AbstractJavaProjectConfigurator - Adding resource folder /IOCProj02-DependencyInjection/src/test/resources
2025-02-24 17:20:20,789 [Worker-45: Creating maven-archetype-quickstart] INFO  o.e.m.c.i.p.ProjectConfigurationManager - Imported and configured 1 project(s) in 2 sec
2025-02-24 17:20:21,972 [Worker-60: Building] INFO  o.a.m.s.f.DefaultMavenResourcesFiltering - skip non existing resourceDirectory C:\Users\skdhi\Spring-Microservices\IOCProj02-DependencyInjection\src\main\resources
2025-02-24 17:20:21,980 [Worker-60: Building] INFO  o.a.m.s.f.DefaultMavenResourcesFiltering - skip non existing resourceDirectory C:\Users\skdhi\Spring-Microservices\IOCProj02-DependencyInjection\src\test\resources
2025-02-24 18:07:32,132 [Worker-68: Building] INFO  o.e.m.c.i.l.LifecycleMappingFactory - Using org.eclipse.m2e.jdt.JarLifecycleMapping lifecycle mapping for MavenProject: sk:IOCProj02-DependencyInjection:0.0.1-SNAPSHOT @ C:\Users\skdhi\Spring-Microservices\IOCProj02-DependencyInjection\pom.xml.
2025-02-24 18:07:32,349 [Worker-68: Building] INFO  o.a.m.s.f.DefaultMavenResourcesFiltering - skip non existing resourceDirectory C:\Users\skdhi\Spring-Microservices\IOCProj02-DependencyInjection\src\main\resources
2025-02-24 18:07:32,353 [Worker-68: Building] INFO  o.a.m.s.f.DefaultMavenResourcesFiltering - skip non existing resourceDirectory C:\Users\skdhi\Spring-Microservices\IOCProj02-DependencyInjection\src\test\resources
2025-02-24 18:14:11,265 [Worker-70: Building] INFO  o.e.m.c.i.l.LifecycleMappingFactory - Using org.eclipse.m2e.jdt.JarLifecycleMapping lifecycle mapping for MavenProject: sk:IOCProj02-DependencyInjection:0.0.1-SNAPSHOT @ C:\Users\skdhi\Spring-Microservices\IOCProj02-DependencyInjection\pom.xml.
2025-02-24 18:14:11,505 [Worker-70: Building] INFO  o.e.m.c.i.e.AbstractTransferListenerAdapter - Downloading https://repo.maven.apache.org/maven2/org/springframework/spring-context-support/6.2.2/spring-context-support-6.2.2.pom
2025-02-24 18:14:11,521 [Worker-70: Building] INFO  o.e.m.c.i.e.AbstractTransferListenerAdapter - Downloaded https://repo.maven.apache.org/maven2/org/springframework/spring-context-support/6.2.2/spring-context-support-6.2.2.pom
2025-02-24 18:14:11,576 [Worker-70: Building] INFO  o.e.m.c.i.e.AbstractTransferListenerAdapter - Downloading https://repo.maven.apache.org/maven2/org/springframework/spring-beans/6.2.2/spring-beans-6.2.2.pom
2025-02-24 18:14:11,581 [Worker-70: Building] INFO  o.e.m.c.i.e.AbstractTransferListenerAdapter - Downloaded https://repo.maven.apache.org/maven2/org/springframework/spring-beans/6.2.2/spring-beans-6.2.2.pom
2025-02-24 18:14:11,623 [Worker-70: Building] INFO  o.e.m.c.i.e.AbstractTransferListenerAdapter - Downloading https://repo.maven.apache.org/maven2/org/springframework/spring-core/6.2.2/spring-core-6.2.2.pom
2025-02-24 18:14:11,635 [Worker-70: Building] INFO  o.e.m.c.i.e.AbstractTransferListenerAdapter - Downloaded https://repo.maven.apache.org/maven2/org/springframework/spring-core/6.2.2/spring-core-6.2.2.pom
2025-02-24 18:14:11,684 [Worker-70: Building] INFO  o.e.m.c.i.e.AbstractTransferListenerAdapter - Downloading https://repo.maven.apache.org/maven2/org/springframework/spring-jcl/6.2.2/spring-jcl-6.2.2.pom
2025-02-24 18:14:11,689 [Worker-70: Building] INFO  o.e.m.c.i.e.AbstractTransferListenerAdapter - Downloaded https://repo.maven.apache.org/maven2/org/springframework/spring-jcl/6.2.2/spring-jcl-6.2.2.pom
2025-02-24 18:14:11,747 [Worker-70: Building] INFO  o.e.m.c.i.e.AbstractTransferListenerAdapter - Downloading https://repo.maven.apache.org/maven2/org/springframework/spring-context/6.2.2/spring-context-6.2.2.pom
2025-02-24 18:14:11,756 [Worker-70: Building] INFO  o.e.m.c.i.e.AbstractTransferListenerAdapter - Downloaded https://repo.maven.apache.org/maven2/org/springframework/spring-context/6.2.2/spring-context-6.2.2.pom
2025-02-24 18:14:11,815 [Worker-70: Building] INFO  o.e.m.c.i.e.AbstractTransferListenerAdapter - Downloading https://repo.maven.apache.org/maven2/org/springframework/spring-aop/6.2.2/spring-aop-6.2.2.pom
2025-02-24 18:14:11,819 [Worker-70: Building] INFO  o.e.m.c.i.e.AbstractTransferListenerAdapter - Downloaded https://repo.maven.apache.org/maven2/org/springframework/spring-aop/6.2.2/spring-aop-6.2.2.pom
2025-02-24 18:14:11,873 [Worker-70: Building] INFO  o.e.m.c.i.e.AbstractTransferListenerAdapter - Downloading https://repo.maven.apache.org/maven2/org/springframework/spring-expression/6.2.2/spring-expression-6.2.2.pom
2025-02-24 18:14:11,881 [Worker-70: Building] INFO  o.e.m.c.i.e.AbstractTransferListenerAdapter - Downloaded https://repo.maven.apache.org/maven2/org/springframework/spring-expression/6.2.2/spring-expression-6.2.2.pom
2025-02-24 18:14:11,930 [Worker-70: Building] INFO  o.e.m.c.i.e.AbstractTransferListenerAdapter - Downloading https://repo.maven.apache.org/maven2/io/micrometer/micrometer-observation/1.14.3/micrometer-observation-1.14.3.pom
2025-02-24 18:14:11,937 [Worker-70: Building] INFO  o.e.m.c.i.e.AbstractTransferListenerAdapter - Downloaded https://repo.maven.apache.org/maven2/io/micrometer/micrometer-observation/1.14.3/micrometer-observation-1.14.3.pom
2025-02-24 18:14:11,990 [Worker-70: Building] INFO  o.e.m.c.i.e.AbstractTransferListenerAdapter - Downloading https://repo.maven.apache.org/maven2/io/micrometer/micrometer-commons/1.14.3/micrometer-commons-1.14.3.pom
2025-02-24 18:14:12,000 [Worker-70: Building] INFO  o.e.m.c.i.e.AbstractTransferListenerAdapter - Downloaded https://repo.maven.apache.org/maven2/io/micrometer/micrometer-commons/1.14.3/micrometer-commons-1.14.3.pom
2025-02-24 18:14:12,062 [Worker-70: Building] INFO  o.e.m.c.i.e.AbstractTransferListenerAdapter - Downloading https://repo.maven.apache.org/maven2/org/springframework/spring-context-support/6.2.2/spring-context-support-6.2.2.jar
2025-02-24 18:14:12,188 [Worker-70: Building] INFO  o.e.m.c.i.e.AbstractTransferListenerAdapter - Downloaded https://repo.maven.apache.org/maven2/org/springframework/spring-context-support/6.2.2/spring-context-support-6.2.2.jar
2025-02-24 18:14:12,235 [BasicRepositoryConnector-repo.maven.apache.org-0-3] INFO  o.e.m.c.i.e.AbstractTransferListenerAdapter - Downloading https://repo.maven.apache.org/maven2/org/springframework/spring-expression/6.2.2/spring-expression-6.2.2.jar
2025-02-24 18:14:12,299 [BasicRepositoryConnector-repo.maven.apache.org-0-3] INFO  o.e.m.c.i.e.AbstractTransferListenerAdapter - Downloaded https://repo.maven.apache.org/maven2/org/springframework/spring-expression/6.2.2/spring-expression-6.2.2.jar
2025-02-24 18:14:12,349 [BasicRepositoryConnector-repo.maven.apache.org-0-3] INFO  o.e.m.c.i.e.AbstractTransferListenerAdapter - Downloading https://repo.maven.apache.org/maven2/io/micrometer/micrometer-commons/1.14.3/micrometer-commons-1.14.3.jar
2025-02-24 18:14:12,356 [BasicRepositoryConnector-repo.maven.apache.org-0-1] INFO  o.e.m.c.i.e.AbstractTransferListenerAdapter - Downloading https://repo.maven.apache.org/maven2/org/springframework/spring-context/6.2.2/spring-context-6.2.2.jar
2025-02-24 18:14:12,357 [BasicRepositoryConnector-repo.maven.apache.org-0-0] INFO  o.e.m.c.i.e.AbstractTransferListenerAdapter - Downloading https://repo.maven.apache.org/maven2/org/springframework/spring-beans/6.2.2/spring-beans-6.2.2.jar
2025-02-24 18:14:12,357 [BasicRepositoryConnector-repo.maven.apache.org-0-2] INFO  o.e.m.c.i.e.AbstractTransferListenerAdapter - Downloading https://repo.maven.apache.org/maven2/org/springframework/spring-aop/6.2.2/spring-aop-6.2.2.jar
2025-02-24 18:14:12,360 [BasicRepositoryConnector-repo.maven.apache.org-0-3] INFO  o.e.m.c.i.e.AbstractTransferListenerAdapter - Downloaded https://repo.maven.apache.org/maven2/io/micrometer/micrometer-commons/1.14.3/micrometer-commons-1.14.3.jar
2025-02-24 18:14:12,432 [BasicRepositoryConnector-repo.maven.apache.org-0-3] INFO  o.e.m.c.i.e.AbstractTransferListenerAdapter - Downloading https://repo.maven.apache.org/maven2/org/springframework/spring-core/6.2.2/spring-core-6.2.2.jar
2025-02-24 18:14:12,576 [BasicRepositoryConnector-repo.maven.apache.org-0-4] INFO  o.e.m.c.i.e.AbstractTransferListenerAdapter - Downloading https://repo.maven.apache.org/maven2/io/micrometer/micrometer-observation/1.14.3/micrometer-observation-1.14.3.jar
2025-02-24 18:14:12,813 [BasicRepositoryConnector-repo.maven.apache.org-0-2] INFO  o.e.m.c.i.e.AbstractTransferListenerAdapter - Downloaded https://repo.maven.apache.org/maven2/org/springframework/spring-aop/6.2.2/spring-aop-6.2.2.jar
2025-02-24 18:14:12,860 [BasicRepositoryConnector-repo.maven.apache.org-0-2] INFO  o.e.m.c.i.e.AbstractTransferListenerAdapter - Downloading https://repo.maven.apache.org/maven2/org/springframework/spring-jcl/6.2.2/spring-jcl-6.2.2.jar
2025-02-24 18:14:12,875 [BasicRepositoryConnector-repo.maven.apache.org-0-2] INFO  o.e.m.c.i.e.AbstractTransferListenerAdapter - Downloaded https://repo.maven.apache.org/maven2/org/springframework/spring-jcl/6.2.2/spring-jcl-6.2.2.jar
2025-02-24 18:14:13,335 [BasicRepositoryConnector-repo.maven.apache.org-0-0] INFO  o.e.m.c.i.e.AbstractTransferListenerAdapter - Downloaded https://repo.maven.apache.org/maven2/org/springframework/spring-beans/6.2.2/spring-beans-6.2.2.jar
2025-02-24 18:14:13,387 [BasicRepositoryConnector-repo.maven.apache.org-0-3] INFO  o.e.m.c.i.e.AbstractTransferListenerAdapter - Downloaded https://repo.maven.apache.org/maven2/org/springframework/spring-core/6.2.2/spring-core-6.2.2.jar
2025-02-24 18:14:14,524 [BasicRepositoryConnector-repo.maven.apache.org-0-1] INFO  o.e.m.c.i.e.AbstractTransferListenerAdapter - Downloaded https://repo.maven.apache.org/maven2/org/springframework/spring-context/6.2.2/spring-context-6.2.2.jar
2025-02-24 18:14:30,215 [BasicRepositoryConnector-repo.maven.apache.org-0-4] INFO  o.e.m.c.i.e.AbstractTransferListenerAdapter - Downloaded https://repo.maven.apache.org/maven2/io/micrometer/micrometer-observation/1.14.3/micrometer-observation-1.14.3.jar
2025-02-24 18:14:30,381 [Worker-70: Building] INFO  o.a.m.s.f.DefaultMavenResourcesFiltering - skip non existing resourceDirectory C:\Users\skdhi\Spring-Microservices\IOCProj02-DependencyInjection\src\main\resources
2025-02-24 18:14:30,385 [Worker-70: Building] INFO  o.a.m.s.f.DefaultMavenResourcesFiltering - skip non existing resourceDirectory C:\Users\skdhi\Spring-Microservices\IOCProj02-DependencyInjection\src\test\resources
2025-02-24 18:14:31,434 [Worker-68: Download sources and javadoc] INFO  o.e.m.c.i.e.AbstractTransferListenerAdapter - Downloading https://repo.maven.apache.org/maven2/org/springframework/spring-context-support/6.2.2/spring-context-support-6.2.2-sources.jar
2025-02-24 18:14:31,524 [Worker-68: Download sources and javadoc] INFO  o.e.m.c.i.e.AbstractTransferListenerAdapter - Downloaded https://repo.maven.apache.org/maven2/org/springframework/spring-context-support/6.2.2/spring-context-support-6.2.2-sources.jar
2025-02-24 18:14:31,527 [Worker-68: Download sources and javadoc] INFO  o.e.m.j.internal.DownloadSourcesJob - Downloaded sources for org.springframework:spring-context-support:6.2.2
2025-02-24 18:14:31,578 [Worker-69: Building] INFO  o.a.m.s.f.DefaultMavenResourcesFiltering - skip non existing resourceDirectory C:\Users\skdhi\Spring-Microservices\IOCProj02-DependencyInjection\src\main\resources
2025-02-24 18:14:31,580 [Worker-69: Building] INFO  o.a.m.s.f.DefaultMavenResourcesFiltering - skip non existing resourceDirectory C:\Users\skdhi\Spring-Microservices\IOCProj02-DependencyInjection\src\test\resources
2025-02-24 18:14:31,700 [Worker-68: Download sources and javadoc] INFO  o.e.m.c.i.e.AbstractTransferListenerAdapter - Downloading https://repo.maven.apache.org/maven2/org/springframework/spring-beans/6.2.2/spring-beans-6.2.2-sources.jar
2025-02-24 18:14:31,903 [Worker-68: Download sources and javadoc] INFO  o.e.m.c.i.e.AbstractTransferListenerAdapter - Downloaded https://repo.maven.apache.org/maven2/org/springframework/spring-beans/6.2.2/spring-beans-6.2.2-sources.jar
2025-02-24 18:14:31,906 [Worker-68: Download sources and javadoc] INFO  o.e.m.j.internal.DownloadSourcesJob - Downloaded sources for org.springframework:spring-beans:6.2.2
2025-02-24 18:14:32,029 [Worker-68: Download sources and javadoc] INFO  o.e.m.c.i.e.AbstractTransferListenerAdapter - Downloading https://repo.maven.apache.org/maven2/org/springframework/spring-context/6.2.2/spring-context-6.2.2-sources.jar
2025-02-24 18:14:32,227 [Worker-68: Download sources and javadoc] INFO  o.e.m.c.i.e.AbstractTransferListenerAdapter - Downloaded https://repo.maven.apache.org/maven2/org/springframework/spring-context/6.2.2/spring-context-6.2.2-sources.jar
2025-02-24 18:14:32,230 [Worker-68: Download sources and javadoc] INFO  o.e.m.j.internal.DownloadSourcesJob - Downloaded sources for org.springframework:spring-context:6.2.2
2025-02-24 18:14:32,349 [Worker-68: Download sources and javadoc] INFO  o.e.m.c.i.e.AbstractTransferListenerAdapter - Downloading https://repo.maven.apache.org/maven2/org/springframework/spring-aop/6.2.2/spring-aop-6.2.2-sources.jar
2025-02-24 18:14:32,555 [Worker-68: Download sources and javadoc] INFO  o.e.m.c.i.e.AbstractTransferListenerAdapter - Downloaded https://repo.maven.apache.org/maven2/org/springframework/spring-aop/6.2.2/spring-aop-6.2.2-sources.jar
2025-02-24 18:14:32,558 [Worker-68: Download sources and javadoc] INFO  o.e.m.j.internal.DownloadSourcesJob - Downloaded sources for org.springframework:spring-aop:6.2.2
2025-02-24 18:14:32,712 [Worker-68: Download sources and javadoc] INFO  o.e.m.c.i.e.AbstractTransferListenerAdapter - Downloading https://repo.maven.apache.org/maven2/org/springframework/spring-expression/6.2.2/spring-expression-6.2.2-sources.jar
2025-02-24 18:14:32,822 [Worker-68: Download sources and javadoc] INFO  o.e.m.c.i.e.AbstractTransferListenerAdapter - Downloaded https://repo.maven.apache.org/maven2/org/springframework/spring-expression/6.2.2/spring-expression-6.2.2-sources.jar
2025-02-24 18:14:32,825 [Worker-68: Download sources and javadoc] INFO  o.e.m.j.internal.DownloadSourcesJob - Downloaded sources for org.springframework:spring-expression:6.2.2
2025-02-24 18:14:32,947 [Worker-68: Download sources and javadoc] INFO  o.e.m.c.i.e.AbstractTransferListenerAdapter - Downloading https://repo.maven.apache.org/maven2/io/micrometer/micrometer-observation/1.14.3/micrometer-observation-1.14.3-sources.jar
2025-02-24 18:14:33,033 [Worker-68: Download sources and javadoc] INFO  o.e.m.c.i.e.AbstractTransferListenerAdapter - Downloaded https://repo.maven.apache.org/maven2/io/micrometer/micrometer-observation/1.14.3/micrometer-observation-1.14.3-sources.jar
2025-02-24 18:14:33,035 [Worker-68: Download sources and javadoc] INFO  o.e.m.j.internal.DownloadSourcesJob - Downloaded sources for io.micrometer:micrometer-observation:1.14.3
2025-02-24 18:14:33,188 [Worker-68: Download sources and javadoc] INFO  o.e.m.c.i.e.AbstractTransferListenerAdapter - Downloading https://repo.maven.apache.org/maven2/io/micrometer/micrometer-commons/1.14.3/micrometer-commons-1.14.3-sources.jar
2025-02-24 18:14:33,244 [Worker-68: Download sources and javadoc] INFO  o.e.m.c.i.e.AbstractTransferListenerAdapter - Downloaded https://repo.maven.apache.org/maven2/io/micrometer/micrometer-commons/1.14.3/micrometer-commons-1.14.3-sources.jar
2025-02-24 18:14:33,246 [Worker-68: Download sources and javadoc] INFO  o.e.m.j.internal.DownloadSourcesJob - Downloaded sources for io.micrometer:micrometer-commons:1.14.3
2025-02-24 18:14:33,498 [Worker-68: Download sources and javadoc] INFO  o.e.m.c.i.e.AbstractTransferListenerAdapter - Downloading https://repo.maven.apache.org/maven2/org/springframework/spring-core/6.2.2/spring-core-6.2.2-sources.jar
2025-02-24 18:16:24,697 [Worker-69: Building] INFO  o.e.m.c.i.l.LifecycleMappingFactory - Using org.eclipse.m2e.jdt.JarLifecycleMapping lifecycle mapping for MavenProject: sk:IOCProj02-DependencyInjection:0.0.1-SNAPSHOT @ C:\Users\skdhi\Spring-Microservices\IOCProj02-DependencyInjection\pom.xml.
2025-02-24 18:16:24,886 [Worker-69: Building] INFO  o.a.m.s.f.DefaultMavenResourcesFiltering - skip non existing resourceDirectory C:\Users\skdhi\Spring-Microservices\IOCProj02-DependencyInjection\src\main\resources
2025-02-24 18:16:24,888 [Worker-69: Building] INFO  o.a.m.s.f.DefaultMavenResourcesFiltering - skip non existing resourceDirectory C:\Users\skdhi\Spring-Microservices\IOCProj02-DependencyInjection\src\test\resources
2025-02-24 18:18:09,007 [Worker-68: Download sources and javadoc] INFO  o.e.m.c.i.e.AbstractTransferListenerAdapter - Downloaded https://repo.maven.apache.org/maven2/org/springframework/spring-core/6.2.2/spring-core-6.2.2-sources.jar
2025-02-24 18:18:09,013 [Worker-68: Download sources and javadoc] INFO  o.e.m.j.internal.DownloadSourcesJob - Downloaded sources for org.springframework:spring-core:6.2.2
2025-02-24 18:18:09,184 [Worker-68: Download sources and javadoc] INFO  o.e.m.c.i.e.AbstractTransferListenerAdapter - Downloading https://repo.maven.apache.org/maven2/org/springframework/spring-jcl/6.2.2/spring-jcl-6.2.2-sources.jar
2025-02-24 18:18:09,187 [Worker-68: Download sources and javadoc] INFO  o.e.m.c.i.e.AbstractTransferListenerAdapter - Downloaded https://repo.maven.apache.org/maven2/org/springframework/spring-jcl/6.2.2/spring-jcl-6.2.2-sources.jar
2025-02-24 18:18:09,192 [Worker-68: Download sources and javadoc] INFO  o.e.m.j.internal.DownloadSourcesJob - Downloaded sources for org.springframework:spring-jcl:6.2.2
2025-02-24 20:50:51,420 [Worker-4: Loading available Gradle versions] INFO  o.e.b.c.i.u.g.PublishedGradleVersions - Gradle version information cache is up-to-date. Trying to read.
2025-02-24 20:52:37,808 [Worker-10: Building] INFO  o.a.m.s.f.DefaultMavenResourcesFiltering - skip non existing resourceDirectory C:\Users\skdhi\Spring-Microservices\IOCProj02-DependencyInjection\src\main\resources
2025-02-24 20:52:37,814 [Worker-10: Building] INFO  o.a.m.s.f.DefaultMavenResourcesFiltering - skip non existing resourceDirectory C:\Users\skdhi\Spring-Microservices\IOCProj02-DependencyInjection\src\test\resources
2025-02-24 20:54:59,106 [Worker-27: Building] INFO  o.a.m.s.f.DefaultMavenResourcesFiltering - skip non existing resourceDirectory C:\Users\skdhi\Spring-Microservices\IOCProj02-DependencyInjection\src\main\resources
2025-02-24 20:54:59,108 [Worker-27: Building] INFO  o.a.m.s.f.DefaultMavenResourcesFiltering - skip non existing resourceDirectory C:\Users\skdhi\Spring-Microservices\IOCProj02-DependencyInjection\src\test\resources
2025-02-24 20:55:31,122 [Worker-19: Building] INFO  o.a.m.s.f.DefaultMavenResourcesFiltering - skip non existing resourceDirectory C:\Users\skdhi\Spring-Microservices\IOCProj02-DependencyInjection\src\main\resources
2025-02-24 20:55:31,124 [Worker-19: Building] INFO  o.a.m.s.f.DefaultMavenResourcesFiltering - skip non existing resourceDirectory C:\Users\skdhi\Spring-Microservices\IOCProj02-DependencyInjection\src\test\resources
2025-02-24 20:59:01,960 [Worker-14: Building] INFO  o.a.m.s.f.DefaultMavenResourcesFiltering - skip non existing resourceDirectory C:\Users\skdhi\Spring-Microservices\IOCProj02-DependencyInjection\src\main\resources
2025-02-24 20:59:01,963 [Worker-14: Building] INFO  o.a.m.s.f.DefaultMavenResourcesFiltering - skip non existing resourceDirectory C:\Users\skdhi\Spring-Microservices\IOCProj02-DependencyInjection\src\test\resources
2025-02-24 21:13:48,008 [Worker-6: Building] INFO  o.a.m.s.f.DefaultMavenResourcesFiltering - skip non existing resourceDirectory C:\Users\skdhi\Spring-Microservices\IOCProj02-DependencyInjection\src\main\resources
2025-02-24 21:13:48,013 [Worker-6: Building] INFO  o.a.m.s.f.DefaultMavenResourcesFiltering - skip non existing resourceDirectory C:\Users\skdhi\Spring-Microservices\IOCProj02-DependencyInjection\src\test\resources
2025-02-24 21:14:55,043 [Worker-34: Building] INFO  o.a.m.s.f.DefaultMavenResourcesFiltering - skip non existing resourceDirectory C:\Users\skdhi\Spring-Microservices\IOCProj02-DependencyInjection\src\main\resources
2025-02-24 21:14:55,048 [Worker-34: Building] INFO  o.a.m.s.f.DefaultMavenResourcesFiltering - skip non existing resourceDirectory C:\Users\skdhi\Spring-Microservices\IOCProj02-DependencyInjection\src\test\resources
2025-02-24 21:16:04,482 [Worker-34: Building] INFO  o.a.m.s.f.DefaultMavenResourcesFiltering - skip non existing resourceDirectory C:\Users\skdhi\Spring-Microservices\IOCProj02-DependencyInjection\src\main\resources
2025-02-24 21:16:04,486 [Worker-34: Building] INFO  o.a.m.s.f.DefaultMavenResourcesFiltering - skip non existing resourceDirectory C:\Users\skdhi\Spring-Microservices\IOCProj02-DependencyInjection\src\test\resources
2025-02-24 21:17:51,893 [Worker-34: Building] INFO  o.a.m.s.f.DefaultMavenResourcesFiltering - skip non existing resourceDirectory C:\Users\skdhi\Spring-Microservices\IOCProj02-DependencyInjection\src\main\resources
2025-02-24 21:17:51,897 [Worker-34: Building] INFO  o.a.m.s.f.DefaultMavenResourcesFiltering - skip non existing resourceDirectory C:\Users\skdhi\Spring-Microservices\IOCProj02-DependencyInjection\src\test\resources
2025-02-24 21:18:50,336 [Worker-32: Building] INFO  o.a.m.s.f.DefaultMavenResourcesFiltering - skip non existing resourceDirectory C:\Users\skdhi\Spring-Microservices\IOCProj02-DependencyInjection\src\main\resources
2025-02-24 21:18:50,341 [Worker-32: Building] INFO  o.a.m.s.f.DefaultMavenResourcesFiltering - skip non existing resourceDirectory C:\Users\skdhi\Spring-Microservices\IOCProj02-DependencyInjection\src\test\resources
2025-02-24 21:19:18,702 [Worker-33: Building] INFO  o.a.m.s.f.DefaultMavenResourcesFiltering - skip non existing resourceDirectory C:\Users\skdhi\Spring-Microservices\IOCProj02-DependencyInjection\src\main\resources
2025-02-24 21:19:18,706 [Worker-33: Building] INFO  o.a.m.s.f.DefaultMavenResourcesFiltering - skip non existing resourceDirectory C:\Users\skdhi\Spring-Microservices\IOCProj02-DependencyInjection\src\test\resources
2025-02-24 21:19:27,030 [Worker-35: Building] INFO  o.a.m.s.f.DefaultMavenResourcesFiltering - skip non existing resourceDirectory C:\Users\skdhi\Spring-Microservices\IOCProj02-DependencyInjection\src\main\resources
2025-02-24 21:19:27,033 [Worker-35: Building] INFO  o.a.m.s.f.DefaultMavenResourcesFiltering - skip non existing resourceDirectory C:\Users\skdhi\Spring-Microservices\IOCProj02-DependencyInjection\src\test\resources
2025-02-24 21:19:33,669 [Worker-34: Building] INFO  o.a.m.s.f.DefaultMavenResourcesFiltering - skip non existing resourceDirectory C:\Users\skdhi\Spring-Microservices\IOCProj02-DependencyInjection\src\main\resources
2025-02-24 21:19:33,672 [Worker-34: Building] INFO  o.a.m.s.f.DefaultMavenResourcesFiltering - skip non existing resourceDirectory C:\Users\skdhi\Spring-Microservices\IOCProj02-DependencyInjection\src\test\resources
2025-02-24 21:21:22,501 [Worker-35: Building] INFO  o.a.m.s.f.DefaultMavenResourcesFiltering - skip non existing resourceDirectory C:\Users\skdhi\Spring-Microservices\IOCProj02-DependencyInjection\src\main\resources
2025-02-24 21:21:22,505 [Worker-35: Building] INFO  o.a.m.s.f.DefaultMavenResourcesFiltering - skip non existing resourceDirectory C:\Users\skdhi\Spring-Microservices\IOCProj02-DependencyInjection\src\test\resources
2025-02-24 21:24:06,107 [Worker-29: Building] INFO  o.a.m.s.f.DefaultMavenResourcesFiltering - skip non existing resourceDirectory C:\Users\skdhi\Spring-Microservices\IOCProj02-DependencyInjection\src\main\resources
2025-02-24 21:24:06,109 [Worker-29: Building] INFO  o.a.m.s.f.DefaultMavenResourcesFiltering - skip non existing resourceDirectory C:\Users\skdhi\Spring-Microservices\IOCProj02-DependencyInjection\src\test\resources
2025-02-24 21:29:39,075 [Worker-37: Building] INFO  o.a.m.s.f.DefaultMavenResourcesFiltering - skip non existing resourceDirectory C:\Users\skdhi\Spring-Microservices\IOCProj02-DependencyInjection\src\main\resources
2025-02-24 21:29:39,079 [Worker-37: Building] INFO  o.a.m.s.f.DefaultMavenResourcesFiltering - skip non existing resourceDirectory C:\Users\skdhi\Spring-Microservices\IOCProj02-DependencyInjection\src\test\resources
2025-02-24 21:34:09,739 [Worker-37: Building] INFO  o.a.m.s.f.DefaultMavenResourcesFiltering - skip non existing resourceDirectory C:\Users\skdhi\Spring-Microservices\IOCProj02-DependencyInjection\src\main\resources
2025-02-24 21:34:09,745 [Worker-37: Building] INFO  o.a.m.s.f.DefaultMavenResourcesFiltering - skip non existing resourceDirectory C:\Users\skdhi\Spring-Microservices\IOCProj02-DependencyInjection\src\test\resources
2025-02-24 21:34:25,237 [Worker-38: Building] INFO  o.a.m.s.f.DefaultMavenResourcesFiltering - skip non existing resourceDirectory C:\Users\skdhi\Spring-Microservices\IOCProj02-DependencyInjection\src\main\resources
2025-02-24 21:34:25,241 [Worker-38: Building] INFO  o.a.m.s.f.DefaultMavenResourcesFiltering - skip non existing resourceDirectory C:\Users\skdhi\Spring-Microservices\IOCProj02-DependencyInjection\src\test\resources
2025-02-24 21:35:18,228 [Worker-38: Building] INFO  o.a.m.s.f.DefaultMavenResourcesFiltering - skip non existing resourceDirectory C:\Users\skdhi\Spring-Microservices\IOCProj02-DependencyInjection\src\main\resources
2025-02-24 21:35:18,234 [Worker-38: Building] INFO  o.a.m.s.f.DefaultMavenResourcesFiltering - skip non existing resourceDirectory C:\Users\skdhi\Spring-Microservices\IOCProj02-DependencyInjection\src\test\resources
2025-02-24 21:39:40,651 [Worker-48: Building] INFO  o.a.m.s.f.DefaultMavenResourcesFiltering - skip non existing resourceDirectory C:\Users\skdhi\Spring-Microservices\IOCProj02-DependencyInjection\src\main\resources
2025-02-24 21:39:40,654 [Worker-48: Building] INFO  o.a.m.s.f.DefaultMavenResourcesFiltering - skip non existing resourceDirectory C:\Users\skdhi\Spring-Microservices\IOCProj02-DependencyInjection\src\test\resources
2025-02-24 21:42:15,945 [Worker-47: Building] INFO  o.a.m.s.f.DefaultMavenResourcesFiltering - skip non existing resourceDirectory C:\Users\skdhi\Spring-Microservices\IOCProj02-DependencyInjection\src\main\resources
2025-02-24 21:42:15,948 [Worker-47: Building] INFO  o.a.m.s.f.DefaultMavenResourcesFiltering - skip non existing resourceDirectory C:\Users\skdhi\Spring-Microservices\IOCProj02-DependencyInjection\src\test\resources
2025-02-24 21:42:43,082 [Worker-37: Building] INFO  o.a.m.s.f.DefaultMavenResourcesFiltering - skip non existing resourceDirectory C:\Users\skdhi\Spring-Microservices\IOCProj02-DependencyInjection\src\main\resources
2025-02-24 21:42:43,086 [Worker-37: Building] INFO  o.a.m.s.f.DefaultMavenResourcesFiltering - skip non existing resourceDirectory C:\Users\skdhi\Spring-Microservices\IOCProj02-DependencyInjection\src\test\resources
2025-02-24 21:42:58,278 [Worker-37: Building] INFO  o.a.m.s.f.DefaultMavenResourcesFiltering - skip non existing resourceDirectory C:\Users\skdhi\Spring-Microservices\IOCProj02-DependencyInjection\src\main\resources
2025-02-24 21:42:58,282 [Worker-37: Building] INFO  o.a.m.s.f.DefaultMavenResourcesFiltering - skip non existing resourceDirectory C:\Users\skdhi\Spring-Microservices\IOCProj02-DependencyInjection\src\test\resources
2025-02-24 23:44:51,486 [Worker-61: Launching mavenrun-50e84ebd-91b4-4ab9-9d3a-7e0657b6fc4d] INFO  o.eclipse.m2e.core.internal.Bundles - getClasspathEntries(Bundle=org.eclipse.m2e.maven.runtime_3.9.900.20240824-1409 [1751])
2025-02-24 23:44:51,493 [Worker-61: Launching mavenrun-50e84ebd-91b4-4ab9-9d3a-7e0657b6fc4d] INFO  o.eclipse.m2e.core.internal.Bundles - 	Entry: C:\Users\skdhi\.p2\pool\plugins\org.eclipse.m2e.maven.runtime_3.9.900.20240824-1409
2025-02-24 23:44:51,494 [Worker-61: Launching mavenrun-50e84ebd-91b4-4ab9-9d3a-7e0657b6fc4d] INFO  o.eclipse.m2e.core.internal.Bundles - 	Entry: C:\Users\skdhi\.p2\pool\plugins\org.eclipse.m2e.maven.runtime_3.9.900.20240824-1409\jars\aopalliance-1.0.jar
2025-02-24 23:44:51,495 [Worker-61: Launching mavenrun-50e84ebd-91b4-4ab9-9d3a-7e0657b6fc4d] INFO  o.eclipse.m2e.core.internal.Bundles - 	Entry: C:\Users\skdhi\.p2\pool\plugins\org.eclipse.m2e.maven.runtime_3.9.900.20240824-1409\jars\guice-5.1.0.jar
2025-02-24 23:44:51,495 [Worker-61: Launching mavenrun-50e84ebd-91b4-4ab9-9d3a-7e0657b6fc4d] INFO  o.eclipse.m2e.core.internal.Bundles - 	Entry: C:\Users\skdhi\.p2\pool\plugins\org.eclipse.m2e.maven.runtime_3.9.900.20240824-1409\jars\httpclient-4.5.14.jar
2025-02-24 23:44:51,496 [Worker-61: Launching mavenrun-50e84ebd-91b4-4ab9-9d3a-7e0657b6fc4d] INFO  o.eclipse.m2e.core.internal.Bundles - 	Entry: C:\Users\skdhi\.p2\pool\plugins\org.eclipse.m2e.maven.runtime_3.9.900.20240824-1409\jars\httpcore-4.4.16.jar
2025-02-24 23:44:51,496 [Worker-61: Launching mavenrun-50e84ebd-91b4-4ab9-9d3a-7e0657b6fc4d] INFO  o.eclipse.m2e.core.internal.Bundles - 	Entry: C:\Users\skdhi\.p2\pool\plugins\org.eclipse.m2e.maven.runtime_3.9.900.20240824-1409\jars\jansi-2.4.1.jar
2025-02-24 23:44:51,497 [Worker-61: Launching mavenrun-50e84ebd-91b4-4ab9-9d3a-7e0657b6fc4d] INFO  o.eclipse.m2e.core.internal.Bundles - 	Entry: C:\Users\skdhi\.p2\pool\plugins\org.eclipse.m2e.maven.runtime_3.9.900.20240824-1409\jars\jcl-over-slf4j-1.7.36.jar
2025-02-24 23:44:51,497 [Worker-61: Launching mavenrun-50e84ebd-91b4-4ab9-9d3a-7e0657b6fc4d] INFO  o.eclipse.m2e.core.internal.Bundles - 	Entry: C:\Users\skdhi\.p2\pool\plugins\org.eclipse.m2e.maven.runtime_3.9.900.20240824-1409\jars\maven-artifact-3.9.9.jar
2025-02-24 23:44:51,497 [Worker-61: Launching mavenrun-50e84ebd-91b4-4ab9-9d3a-7e0657b6fc4d] INFO  o.eclipse.m2e.core.internal.Bundles - 	Entry: C:\Users\skdhi\.p2\pool\plugins\org.eclipse.m2e.maven.runtime_3.9.900.20240824-1409\jars\maven-builder-support-3.9.9.jar
2025-02-24 23:44:51,498 [Worker-61: Launching mavenrun-50e84ebd-91b4-4ab9-9d3a-7e0657b6fc4d] INFO  o.eclipse.m2e.core.internal.Bundles - 	Entry: C:\Users\skdhi\.p2\pool\plugins\org.eclipse.m2e.maven.runtime_3.9.900.20240824-1409\jars\maven-compat-3.9.9.jar
2025-02-24 23:44:51,498 [Worker-61: Launching mavenrun-50e84ebd-91b4-4ab9-9d3a-7e0657b6fc4d] INFO  o.eclipse.m2e.core.internal.Bundles - 	Entry: C:\Users\skdhi\.p2\pool\plugins\org.eclipse.m2e.maven.runtime_3.9.900.20240824-1409\jars\maven-core-3.9.9.jar
2025-02-24 23:44:51,498 [Worker-61: Launching mavenrun-50e84ebd-91b4-4ab9-9d3a-7e0657b6fc4d] INFO  o.eclipse.m2e.core.internal.Bundles - 	Entry: C:\Users\skdhi\.p2\pool\plugins\org.eclipse.m2e.maven.runtime_3.9.900.20240824-1409\jars\maven-embedder-3.9.9.jar
2025-02-24 23:44:51,499 [Worker-61: Launching mavenrun-50e84ebd-91b4-4ab9-9d3a-7e0657b6fc4d] INFO  o.eclipse.m2e.core.internal.Bundles - 	Entry: C:\Users\skdhi\.p2\pool\plugins\org.eclipse.m2e.maven.runtime_3.9.900.20240824-1409\jars\maven-model-3.9.9.jar
2025-02-24 23:44:51,499 [Worker-61: Launching mavenrun-50e84ebd-91b4-4ab9-9d3a-7e0657b6fc4d] INFO  o.eclipse.m2e.core.internal.Bundles - 	Entry: C:\Users\skdhi\.p2\pool\plugins\org.eclipse.m2e.maven.runtime_3.9.900.20240824-1409\jars\maven-model-builder-3.9.9.jar
2025-02-24 23:44:51,499 [Worker-61: Launching mavenrun-50e84ebd-91b4-4ab9-9d3a-7e0657b6fc4d] INFO  o.eclipse.m2e.core.internal.Bundles - 	Entry: C:\Users\skdhi\.p2\pool\plugins\org.eclipse.m2e.maven.runtime_3.9.900.20240824-1409\jars\maven-plugin-api-3.9.9.jar
2025-02-24 23:44:51,500 [Worker-61: Launching mavenrun-50e84ebd-91b4-4ab9-9d3a-7e0657b6fc4d] INFO  o.eclipse.m2e.core.internal.Bundles - 	Entry: C:\Users\skdhi\.p2\pool\plugins\org.eclipse.m2e.maven.runtime_3.9.900.20240824-1409\jars\maven-repository-metadata-3.9.9.jar
2025-02-24 23:44:51,500 [Worker-61: Launching mavenrun-50e84ebd-91b4-4ab9-9d3a-7e0657b6fc4d] INFO  o.eclipse.m2e.core.internal.Bundles - 	Entry: C:\Users\skdhi\.p2\pool\plugins\org.eclipse.m2e.maven.runtime_3.9.900.20240824-1409\jars\maven-resolver-api-1.9.22.jar
2025-02-24 23:44:51,500 [Worker-61: Launching mavenrun-50e84ebd-91b4-4ab9-9d3a-7e0657b6fc4d] INFO  o.eclipse.m2e.core.internal.Bundles - 	Entry: C:\Users\skdhi\.p2\pool\plugins\org.eclipse.m2e.maven.runtime_3.9.900.20240824-1409\jars\maven-resolver-connector-basic-1.9.22.jar
2025-02-24 23:44:51,501 [Worker-61: Launching mavenrun-50e84ebd-91b4-4ab9-9d3a-7e0657b6fc4d] INFO  o.eclipse.m2e.core.internal.Bundles - 	Entry: C:\Users\skdhi\.p2\pool\plugins\org.eclipse.m2e.maven.runtime_3.9.900.20240824-1409\jars\maven-resolver-impl-1.9.22.jar
2025-02-24 23:44:51,501 [Worker-61: Launching mavenrun-50e84ebd-91b4-4ab9-9d3a-7e0657b6fc4d] INFO  o.eclipse.m2e.core.internal.Bundles - 	Entry: C:\Users\skdhi\.p2\pool\plugins\org.eclipse.m2e.maven.runtime_3.9.900.20240824-1409\jars\maven-resolver-named-locks-1.9.22.jar
2025-02-24 23:44:51,501 [Worker-61: Launching mavenrun-50e84ebd-91b4-4ab9-9d3a-7e0657b6fc4d] INFO  o.eclipse.m2e.core.internal.Bundles - 	Entry: C:\Users\skdhi\.p2\pool\plugins\org.eclipse.m2e.maven.runtime_3.9.900.20240824-1409\jars\maven-resolver-provider-3.9.9.jar
2025-02-24 23:44:51,501 [Worker-61: Launching mavenrun-50e84ebd-91b4-4ab9-9d3a-7e0657b6fc4d] INFO  o.eclipse.m2e.core.internal.Bundles - 	Entry: C:\Users\skdhi\.p2\pool\plugins\org.eclipse.m2e.maven.runtime_3.9.900.20240824-1409\jars\maven-resolver-spi-1.9.22.jar
2025-02-24 23:44:51,502 [Worker-61: Launching mavenrun-50e84ebd-91b4-4ab9-9d3a-7e0657b6fc4d] INFO  o.eclipse.m2e.core.internal.Bundles - 	Entry: C:\Users\skdhi\.p2\pool\plugins\org.eclipse.m2e.maven.runtime_3.9.900.20240824-1409\jars\maven-resolver-transport-file-1.9.22.jar
2025-02-24 23:44:51,502 [Worker-61: Launching mavenrun-50e84ebd-91b4-4ab9-9d3a-7e0657b6fc4d] INFO  o.eclipse.m2e.core.internal.Bundles - 	Entry: C:\Users\skdhi\.p2\pool\plugins\org.eclipse.m2e.maven.runtime_3.9.900.20240824-1409\jars\maven-resolver-transport-http-1.9.22.jar
2025-02-24 23:44:51,502 [Worker-61: Launching mavenrun-50e84ebd-91b4-4ab9-9d3a-7e0657b6fc4d] INFO  o.eclipse.m2e.core.internal.Bundles - 	Entry: C:\Users\skdhi\.p2\pool\plugins\org.eclipse.m2e.maven.runtime_3.9.900.20240824-1409\jars\maven-resolver-transport-wagon-1.9.22.jar
2025-02-24 23:44:51,503 [Worker-61: Launching mavenrun-50e84ebd-91b4-4ab9-9d3a-7e0657b6fc4d] INFO  o.eclipse.m2e.core.internal.Bundles - 	Entry: C:\Users\skdhi\.p2\pool\plugins\org.eclipse.m2e.maven.runtime_3.9.900.20240824-1409\jars\maven-resolver-util-1.9.22.jar
2025-02-24 23:44:51,503 [Worker-61: Launching mavenrun-50e84ebd-91b4-4ab9-9d3a-7e0657b6fc4d] INFO  o.eclipse.m2e.core.internal.Bundles - 	Entry: C:\Users\skdhi\.p2\pool\plugins\org.eclipse.m2e.maven.runtime_3.9.900.20240824-1409\jars\maven-settings-3.9.9.jar
2025-02-24 23:44:51,503 [Worker-61: Launching mavenrun-50e84ebd-91b4-4ab9-9d3a-7e0657b6fc4d] INFO  o.eclipse.m2e.core.internal.Bundles - 	Entry: C:\Users\skdhi\.p2\pool\plugins\org.eclipse.m2e.maven.runtime_3.9.900.20240824-1409\jars\maven-settings-builder-3.9.9.jar
2025-02-24 23:44:51,504 [Worker-61: Launching mavenrun-50e84ebd-91b4-4ab9-9d3a-7e0657b6fc4d] INFO  o.eclipse.m2e.core.internal.Bundles - 	Entry: C:\Users\skdhi\.p2\pool\plugins\org.eclipse.m2e.maven.runtime_3.9.900.20240824-1409\jars\maven-shared-utils-3.4.2.jar
2025-02-24 23:44:51,504 [Worker-61: Launching mavenrun-50e84ebd-91b4-4ab9-9d3a-7e0657b6fc4d] INFO  o.eclipse.m2e.core.internal.Bundles - 	Entry: C:\Users\skdhi\.p2\pool\plugins\org.eclipse.m2e.maven.runtime_3.9.900.20240824-1409\jars\org.eclipse.sisu.inject-0.9.0.M3.jar
2025-02-24 23:44:51,504 [Worker-61: Launching mavenrun-50e84ebd-91b4-4ab9-9d3a-7e0657b6fc4d] INFO  o.eclipse.m2e.core.internal.Bundles - 	Entry: C:\Users\skdhi\.p2\pool\plugins\org.eclipse.m2e.maven.runtime_3.9.900.20240824-1409\jars\org.eclipse.sisu.plexus-0.9.0.M3.jar
2025-02-24 23:44:51,505 [Worker-61: Launching mavenrun-50e84ebd-91b4-4ab9-9d3a-7e0657b6fc4d] INFO  o.eclipse.m2e.core.internal.Bundles - 	Entry: C:\Users\skdhi\.p2\pool\plugins\org.eclipse.m2e.maven.runtime_3.9.900.20240824-1409\jars\plexus-build-api-0.0.7.jar
2025-02-24 23:44:51,505 [Worker-61: Launching mavenrun-50e84ebd-91b4-4ab9-9d3a-7e0657b6fc4d] INFO  o.eclipse.m2e.core.internal.Bundles - 	Entry: C:\Users\skdhi\.p2\pool\plugins\org.eclipse.m2e.maven.runtime_3.9.900.20240824-1409\jars\plexus-build-api-1.2.0.jar
2025-02-24 23:44:51,505 [Worker-61: Launching mavenrun-50e84ebd-91b4-4ab9-9d3a-7e0657b6fc4d] INFO  o.eclipse.m2e.core.internal.Bundles - 	Entry: C:\Users\skdhi\.p2\pool\plugins\org.eclipse.m2e.maven.runtime_3.9.900.20240824-1409\jars\plexus-cipher-2.0.jar
2025-02-24 23:44:51,505 [Worker-61: Launching mavenrun-50e84ebd-91b4-4ab9-9d3a-7e0657b6fc4d] INFO  o.eclipse.m2e.core.internal.Bundles - 	Entry: C:\Users\skdhi\.p2\pool\plugins\org.eclipse.m2e.maven.runtime_3.9.900.20240824-1409\jars\plexus-classworlds-2.8.0.jar
2025-02-24 23:44:51,506 [Worker-61: Launching mavenrun-50e84ebd-91b4-4ab9-9d3a-7e0657b6fc4d] INFO  o.eclipse.m2e.core.internal.Bundles - 	Entry: C:\Users\skdhi\.p2\pool\plugins\org.eclipse.m2e.maven.runtime_3.9.900.20240824-1409\jars\plexus-component-annotations-2.1.0.jar
2025-02-24 23:44:51,507 [Worker-61: Launching mavenrun-50e84ebd-91b4-4ab9-9d3a-7e0657b6fc4d] INFO  o.eclipse.m2e.core.internal.Bundles - 	Entry: C:\Users\skdhi\.p2\pool\plugins\org.eclipse.m2e.maven.runtime_3.9.900.20240824-1409\jars\plexus-interpolation-1.27.jar
2025-02-24 23:44:51,508 [Worker-61: Launching mavenrun-50e84ebd-91b4-4ab9-9d3a-7e0657b6fc4d] INFO  o.eclipse.m2e.core.internal.Bundles - 	Entry: C:\Users\skdhi\.p2\pool\plugins\org.eclipse.m2e.maven.runtime_3.9.900.20240824-1409\jars\plexus-sec-dispatcher-2.0.jar
2025-02-24 23:44:51,509 [Worker-61: Launching mavenrun-50e84ebd-91b4-4ab9-9d3a-7e0657b6fc4d] INFO  o.eclipse.m2e.core.internal.Bundles - 	Entry: C:\Users\skdhi\.p2\pool\plugins\org.eclipse.m2e.maven.runtime_3.9.900.20240824-1409\jars\plexus-utils-3.5.1.jar
2025-02-24 23:44:51,510 [Worker-61: Launching mavenrun-50e84ebd-91b4-4ab9-9d3a-7e0657b6fc4d] INFO  o.eclipse.m2e.core.internal.Bundles - 	Entry: C:\Users\skdhi\.p2\pool\plugins\org.eclipse.m2e.maven.runtime_3.9.900.20240824-1409\jars\plexus-xml-3.0.1.jar
2025-02-24 23:44:51,511 [Worker-61: Launching mavenrun-50e84ebd-91b4-4ab9-9d3a-7e0657b6fc4d] INFO  o.eclipse.m2e.core.internal.Bundles - 	Entry: C:\Users\skdhi\.p2\pool\plugins\org.eclipse.m2e.maven.runtime_3.9.900.20240824-1409\jars\wagon-file-3.5.3.jar
2025-02-24 23:44:51,511 [Worker-61: Launching mavenrun-50e84ebd-91b4-4ab9-9d3a-7e0657b6fc4d] INFO  o.eclipse.m2e.core.internal.Bundles - 	Entry: C:\Users\skdhi\.p2\pool\plugins\org.eclipse.m2e.maven.runtime_3.9.900.20240824-1409\jars\wagon-http-3.5.3.jar
2025-02-24 23:44:51,511 [Worker-61: Launching mavenrun-50e84ebd-91b4-4ab9-9d3a-7e0657b6fc4d] INFO  o.eclipse.m2e.core.internal.Bundles - 	Entry: C:\Users\skdhi\.p2\pool\plugins\org.eclipse.m2e.maven.runtime_3.9.900.20240824-1409\jars\wagon-http-shared-3.5.3.jar
2025-02-24 23:44:51,512 [Worker-61: Launching mavenrun-50e84ebd-91b4-4ab9-9d3a-7e0657b6fc4d] INFO  o.eclipse.m2e.core.internal.Bundles - 	Entry: C:\Users\skdhi\.p2\pool\plugins\org.eclipse.m2e.maven.runtime_3.9.900.20240824-1409\jars\wagon-provider-api-3.5.3.jar
2025-02-24 23:44:51,516 [Worker-61: Launching mavenrun-50e84ebd-91b4-4ab9-9d3a-7e0657b6fc4d] INFO  o.eclipse.m2e.core.internal.Bundles - getClasspathEntries(Bundle=com.google.guava_33.3.1.jre [1506])
2025-02-24 23:44:51,517 [Worker-61: Launching mavenrun-50e84ebd-91b4-4ab9-9d3a-7e0657b6fc4d] INFO  o.eclipse.m2e.core.internal.Bundles - 	Entry: C:\Users\skdhi\.p2\pool\plugins\com.google.guava_33.3.1.jre.jar
2025-02-24 23:44:51,517 [Worker-61: Launching mavenrun-50e84ebd-91b4-4ab9-9d3a-7e0657b6fc4d] INFO  o.eclipse.m2e.core.internal.Bundles - getClasspathEntries(Bundle=slf4j.api_2.0.16 [1984])
2025-02-24 23:44:51,518 [Worker-61: Launching mavenrun-50e84ebd-91b4-4ab9-9d3a-7e0657b6fc4d] INFO  o.eclipse.m2e.core.internal.Bundles - 	Entry: C:\Users\skdhi\.p2\pool\plugins\slf4j.api_2.0.16.jar
2025-02-24 23:44:51,518 [Worker-61: Launching mavenrun-50e84ebd-91b4-4ab9-9d3a-7e0657b6fc4d] INFO  o.eclipse.m2e.core.internal.Bundles - getClasspathEntries(Bundle=javax.inject_1.0.0.v20220405-0441 [1067])
2025-02-24 23:44:51,518 [Worker-61: Launching mavenrun-50e84ebd-91b4-4ab9-9d3a-7e0657b6fc4d] INFO  o.eclipse.m2e.core.internal.Bundles - 	Entry: C:\Users\skdhi\.p2\pool\plugins\javax.inject_1.0.0.v20220405-0441.jar
2025-02-24 23:44:51,518 [Worker-61: Launching mavenrun-50e84ebd-91b4-4ab9-9d3a-7e0657b6fc4d] INFO  o.eclipse.m2e.core.internal.Bundles - getClasspathEntries(Bundle=javax.annotation_1.3.5.v20230504-0748 [1066])
2025-02-24 23:44:51,519 [Worker-61: Launching mavenrun-50e84ebd-91b4-4ab9-9d3a-7e0657b6fc4d] INFO  o.eclipse.m2e.core.internal.Bundles - 	Entry: C:\Users\skdhi\.p2\pool\plugins\javax.annotation_1.3.5.v20230504-0748.jar
2025-02-24 23:44:51,519 [Worker-61: Launching mavenrun-50e84ebd-91b4-4ab9-9d3a-7e0657b6fc4d] INFO  o.eclipse.m2e.core.internal.Bundles - getClasspathEntries(Bundle=org.apache.commons.cli_1.9.0 [1536])
2025-02-24 23:44:51,519 [Worker-61: Launching mavenrun-50e84ebd-91b4-4ab9-9d3a-7e0657b6fc4d] INFO  o.eclipse.m2e.core.internal.Bundles - 	Entry: C:\Users\skdhi\.p2\pool\plugins\org.apache.commons.cli_1.9.0.jar
2025-02-24 23:44:51,519 [Worker-61: Launching mavenrun-50e84ebd-91b4-4ab9-9d3a-7e0657b6fc4d] INFO  o.eclipse.m2e.core.internal.Bundles - getClasspathEntries(Bundle=org.apache.commons.commons-codec_1.16.0 [78])
2025-02-24 23:44:51,520 [Worker-61: Launching mavenrun-50e84ebd-91b4-4ab9-9d3a-7e0657b6fc4d] INFO  o.eclipse.m2e.core.internal.Bundles - 	Entry: C:\Users\skdhi\.p2\pool\plugins\org.apache.commons.commons-codec_1.16.0.jar
2025-02-24 23:44:51,520 [Worker-61: Launching mavenrun-50e84ebd-91b4-4ab9-9d3a-7e0657b6fc4d] INFO  o.eclipse.m2e.core.internal.Bundles - getClasspathEntries(Bundle=com.google.guava.failureaccess_1.0.2 [15])
2025-02-24 23:44:51,520 [Worker-61: Launching mavenrun-50e84ebd-91b4-4ab9-9d3a-7e0657b6fc4d] INFO  o.eclipse.m2e.core.internal.Bundles - 	Entry: C:\Users\skdhi\.p2\pool\plugins\com.google.guava.failureaccess_1.0.2.jar
2025-02-24 23:44:51,529 [Worker-61: Launching mavenrun-50e84ebd-91b4-4ab9-9d3a-7e0657b6fc4d] INFO  o.e.m.i.launch.MavenLaunchDelegate - Run build in "C:\Users\skdhi\AppData\Local\Temp\m2e-archetypeGenerator3684200187797342043":
2025-02-24 23:44:51,532 [Worker-61: Launching mavenrun-50e84ebd-91b4-4ab9-9d3a-7e0657b6fc4d] INFO  o.e.m.i.launch.MavenLaunchDelegate -  mvn  -DarchetypeGroupId=org.apache.maven.archetypes -DarchetypeArtifactId=maven-archetype-quickstart -DarchetypeVersion=1.1 -DgroupId=sk -DartifactId=IOCProj01-Injections -Dversion=0.0.1-SNAPSHOT -Dpackage=com.sk.client -DoutputDirectory=C:\Users\skdhi\Spring-Microservices -Dstyle.color=always -U archetype:generate
2025-02-24 23:45:04,685 [Worker-74: Creating maven-archetype-quickstart] INFO  o.e.m.c.i.p.ProjectConfigurationManager - Collecting project info '/pom.xml' C:\Users\skdhi\Spring-Microservices\IOCProj01-Injections\pom.xml
2025-02-24 23:45:05,041 [Worker-74: Creating maven-archetype-quickstart] INFO  o.e.m.c.i.e.AbstractTransferListenerAdapter - Downloading https://repo.maven.apache.org/maven2/org/apache/maven/plugins/maven-jar-plugin/3.4.1/maven-jar-plugin-3.4.1.jar
2025-02-24 23:45:05,058 [Worker-74: Creating maven-archetype-quickstart] INFO  o.e.m.c.i.e.AbstractTransferListenerAdapter - Downloaded https://repo.maven.apache.org/maven2/org/apache/maven/plugins/maven-jar-plugin/3.4.1/maven-jar-plugin-3.4.1.jar
2025-02-24 23:45:05,393 [Worker-74: Creating maven-archetype-quickstart] INFO  o.e.m.c.i.l.LifecycleMappingFactory - Using org.eclipse.m2e.jdt.JarLifecycleMapping lifecycle mapping for MavenProject: sk:IOCProj01-Injections:0.0.1-SNAPSHOT @ C:\Users\skdhi\Spring-Microservices\IOCProj01-Injections\pom.xml.
2025-02-24 23:45:05,499 [Worker-74: Creating maven-archetype-quickstart] INFO  o.e.m.c.i.e.AbstractTransferListenerAdapter - Downloading https://repo.maven.apache.org/maven2/org/apache/maven/plugins/maven-jar-plugin/3.4.1/maven-jar-plugin-3.4.1.pom
2025-02-24 23:45:05,507 [Worker-74: Creating maven-archetype-quickstart] INFO  o.e.m.c.i.e.AbstractTransferListenerAdapter - Downloaded https://repo.maven.apache.org/maven2/org/apache/maven/plugins/maven-jar-plugin/3.4.1/maven-jar-plugin-3.4.1.pom
2025-02-24 23:45:06,304 [Worker-74: Creating maven-archetype-quickstart] INFO  o.e.m.j.i.AbstractJavaProjectConfigurator - Adding source folder /IOCProj01-Injections/src/main/java
2025-02-24 23:45:06,307 [Worker-74: Creating maven-archetype-quickstart] INFO  o.e.m.j.i.AbstractJavaProjectConfigurator - Adding resource folder /IOCProj01-Injections/src/main/resources
2025-02-24 23:45:06,314 [Worker-74: Creating maven-archetype-quickstart] INFO  o.e.m.j.i.AbstractJavaProjectConfigurator - Adding source folder /IOCProj01-Injections/src/test/java
2025-02-24 23:45:06,315 [Worker-74: Creating maven-archetype-quickstart] INFO  o.e.m.j.i.AbstractJavaProjectConfigurator - Adding resource folder /IOCProj01-Injections/src/test/resources
2025-02-24 23:45:06,460 [Worker-74: Creating maven-archetype-quickstart] INFO  o.e.m.c.i.p.ProjectConfigurationManager - Imported and configured 1 project(s) in 1 sec
2025-02-24 23:45:06,745 [Worker-73: Building] INFO  o.a.m.s.f.DefaultMavenResourcesFiltering - skip non existing resourceDirectory C:\Users\skdhi\Spring-Microservices\IOCProj01-Injections\src\main\resources
2025-02-24 23:45:06,749 [Worker-73: Building] INFO  o.a.m.s.f.DefaultMavenResourcesFiltering - skip non existing resourceDirectory C:\Users\skdhi\Spring-Microservices\IOCProj01-Injections\src\test\resources
2025-02-24 23:45:27,317 [Worker-72: Building] INFO  o.a.m.s.f.DefaultMavenResourcesFiltering - skip non existing resourceDirectory C:\Users\skdhi\Spring-Microservices\IOCProj01-Injections\src\main\resources
2025-02-24 23:45:27,319 [Worker-72: Building] INFO  o.a.m.s.f.DefaultMavenResourcesFiltering - skip non existing resourceDirectory C:\Users\skdhi\Spring-Microservices\IOCProj01-Injections\src\test\resources
2025-02-24 23:45:50,817 [Worker-75: Building] INFO  o.a.m.s.f.DefaultMavenResourcesFiltering - skip non existing resourceDirectory C:\Users\skdhi\Spring-Microservices\IOCProj01-Injections\src\main\resources
2025-02-24 23:45:50,823 [Worker-75: Building] INFO  o.a.m.s.f.DefaultMavenResourcesFiltering - skip non existing resourceDirectory C:\Users\skdhi\Spring-Microservices\IOCProj01-Injections\src\test\resources
2025-02-24 23:46:11,861 [Worker-76: Building] INFO  o.a.m.s.f.DefaultMavenResourcesFiltering - skip non existing resourceDirectory C:\Users\skdhi\Spring-Microservices\IOCProj01-Injections\src\main\resources
2025-02-24 23:46:11,863 [Worker-76: Building] INFO  o.a.m.s.f.DefaultMavenResourcesFiltering - skip non existing resourceDirectory C:\Users\skdhi\Spring-Microservices\IOCProj01-Injections\src\test\resources
2025-02-24 23:48:08,551 [Worker-74: Building] INFO  o.e.m.c.i.l.LifecycleMappingFactory - Using org.eclipse.m2e.jdt.JarLifecycleMapping lifecycle mapping for MavenProject: sk:IOCProj02-DependencyInjection:0.0.1-SNAPSHOT @ C:\Users\skdhi\Spring-Microservices\IOCProj01-Injections\pom.xml.
2025-02-24 23:48:08,758 [Worker-74: Building] INFO  o.a.m.s.f.DefaultMavenResourcesFiltering - skip non existing resourceDirectory C:\Users\skdhi\Spring-Microservices\IOCProj01-Injections\src\main\resources
2025-02-24 23:48:08,763 [Worker-74: Building] INFO  o.a.m.s.f.DefaultMavenResourcesFiltering - skip non existing resourceDirectory C:\Users\skdhi\Spring-Microservices\IOCProj01-Injections\src\test\resources
2025-02-24 23:48:08,820 [Worker-75: Updating Maven Project] INFO  o.e.m.c.i.p.ProjectConfigurationManager - Update started
2025-02-24 23:48:09,146 [Worker-75: Updating Maven Project] INFO  o.e.m.c.i.l.LifecycleMappingFactory - Using org.eclipse.m2e.jdt.JarLifecycleMapping lifecycle mapping for MavenProject: sk:IOCProj02-DependencyInjection:0.0.1-SNAPSHOT @ C:\Users\skdhi\Spring-Microservices\IOCProj01-Injections\pom.xml.
2025-02-24 23:48:09,382 [Worker-75: Updating Maven Project] INFO  o.e.m.j.i.AbstractJavaProjectConfigurator - Adding source folder /IOCProj01-Injections/src/main/java
2025-02-24 23:48:09,385 [Worker-75: Updating Maven Project] INFO  o.e.m.j.i.AbstractJavaProjectConfigurator - Adding resource folder /IOCProj01-Injections/src/main/resources
2025-02-24 23:48:09,385 [Worker-75: Updating Maven Project] INFO  o.e.m.j.i.AbstractJavaProjectConfigurator - Adding source folder /IOCProj01-Injections/src/test/java
2025-02-24 23:48:09,386 [Worker-75: Updating Maven Project] INFO  o.e.m.j.i.AbstractJavaProjectConfigurator - Adding resource folder /IOCProj01-Injections/src/test/resources
2025-02-24 23:48:09,600 [Worker-75: Updating Maven Project] INFO  o.e.m.c.i.p.ProjectConfigurationManager - Update completed for 1 poms: local refresh takes 0.00 sec, refresh facades takes 0.00 sec, update config takes 0.00 sec 
2025-02-24 23:48:09,912 [Worker-76: Building] INFO  o.a.m.s.f.DefaultMavenResourcesFiltering - skip non existing resourceDirectory C:\Users\skdhi\Spring-Microservices\IOCProj01-Injections\src\main\resources
2025-02-24 23:48:09,915 [Worker-76: Building] INFO  o.a.m.s.f.DefaultMavenResourcesFiltering - skip non existing resourceDirectory C:\Users\skdhi\Spring-Microservices\IOCProj01-Injections\src\test\resources
2025-02-24 23:48:45,279 [Worker-73: Building] INFO  o.a.m.s.f.DefaultMavenResourcesFiltering - skip non existing resourceDirectory C:\Users\skdhi\Spring-Microservices\IOCProj01-Injections\src\main\resources
2025-02-24 23:48:45,282 [Worker-73: Building] INFO  o.a.m.s.f.DefaultMavenResourcesFiltering - skip non existing resourceDirectory C:\Users\skdhi\Spring-Microservices\IOCProj01-Injections\src\test\resources
2025-02-24 23:48:52,461 [Worker-61: Building] INFO  o.a.m.s.f.DefaultMavenResourcesFiltering - skip non existing resourceDirectory C:\Users\skdhi\Spring-Microservices\IOCProj01-Injections\src\main\resources
2025-02-24 23:48:52,463 [Worker-61: Building] INFO  o.a.m.s.f.DefaultMavenResourcesFiltering - skip non existing resourceDirectory C:\Users\skdhi\Spring-Microservices\IOCProj01-Injections\src\test\resources
2025-02-24 23:49:21,468 [Worker-73: Building] INFO  o.a.m.s.f.DefaultMavenResourcesFiltering - skip non existing resourceDirectory C:\Users\skdhi\Spring-Microservices\IOCProj01-Injections\src\main\resources
2025-02-24 23:49:21,471 [Worker-73: Building] INFO  o.a.m.s.f.DefaultMavenResourcesFiltering - skip non existing resourceDirectory C:\Users\skdhi\Spring-Microservices\IOCProj01-Injections\src\test\resources
2025-02-24 23:51:11,843 [Worker-74: Building] INFO  o.a.m.s.f.DefaultMavenResourcesFiltering - skip non existing resourceDirectory C:\Users\skdhi\Spring-Microservices\IOCProj01-Injections\src\main\resources
2025-02-24 23:51:11,848 [Worker-74: Building] INFO  o.a.m.s.f.DefaultMavenResourcesFiltering - skip non existing resourceDirectory C:\Users\skdhi\Spring-Microservices\IOCProj01-Injections\src\test\resources
